<?xml version="1.0" encoding="UTF-8"?>
<testsuites name="Maintenance" time="104.913" tests="2" failures="0" errors="0">
   <testsuite name="Maintenance" tests="2" failures="0" errors="0" time="104.913" timestamp="2020-02-26 17:47:55" hostname="Yogi Moch Nur - DESKTOP-DB1MUI4" id="Test Suites/Maintenance">
      <properties>
         <property name="deviceName" value=""/>
         <property name="devicePlatform" value=""/>
         <property name="logFolder" value="C:\\Users\\Yogi Moch Nur\\git\\katalonbik\\Reports\\20200226_174737\\Maintenance\\20200226_174737"/>
         <property name="logFiles" value="C:\\Users\\Yogi Moch Nur\\git\\katalonbik\\Reports\\20200226_174737\\Maintenance\\20200226_174737\\execution0.log"/>
         <property name="attachments" value=""/>
         <property name="hostName" value="Yogi Moch Nur - DESKTOP-DB1MUI4"/>
         <property name="os" value="Windows 10 64bit"/>
         <property name="katalonVersion" value="7.2.1.1"/>
         <property name="browser" value="Firefox 73.0"/>
         <property name="hostAddress" value="10.88.81.114"/>
         <property name="sessionId" value="5e398499-ca05-43ff-93b6-774caf6621a6"/>
         <property name="seleniumVersion" value="3.141.59"/>
         <property name="proxyInformation" value="ProxyInformation{proxyOption=NO_PROXY, proxyServerType=HTTP, password=, proxyServerAddress=, proxyServerPort=0, executionList=}"/>
         <property name="platform" value="Windows 10"/>
      </properties>
      <testcase name="Test Cases/Maintenance 1" time="48.336" classname="Test Cases/Maintenance 1" status="PASSED">
         <system-out><![CDATA[2020-02-26 17:47:56 - [TEST_CASE][PASSED] - Test Cases/Maintenance 1: Test Cases/Maintenance 1

2020-02-26 17:47:56 - [TEST_STEP][PASSED] - openBrowser(""): Browser is opened with url: ''

2020-02-26 17:47:57 - [MESSAGE][INFO] - Starting 'Firefox' driver

2020-02-26 17:47:57 - [MESSAGE][INFO] - Action delay is set to 0 seconds

2020-02-26 17:48:03 - [MESSAGE][PASSED] - Browser is opened with url: ''

2020-02-26 17:48:03 - [TEST_STEP][PASSED] - navigateToUrl("https://twitter.com"): Navigate to 'https://twitter.com' successfully

2020-02-26 17:48:07 - [MESSAGE][PASSED] - Navigate to 'https://twitter.com' successfully

2020-02-26 17:48:07 - [TEST_STEP][PASSED] - delay(5): Delayed 5 second(s)

2020-02-26 17:48:12 - [MESSAGE][PASSED] - Delayed 5 second(s)

2020-02-26 17:48:12 - [TEST_STEP][PASSED] - click(findTestObject("Maintenance/Halaman Awal/div_Log in")): Object: 'Object Repository/Maintenance/Halaman Awal/div_Log in' is clicked on

2020-02-26 17:48:12 - [MESSAGE][PASSED] - Object: 'Object Repository/Maintenance/Halaman Awal/div_Log in' is clicked on

2020-02-26 17:48:12 - [TEST_STEP][PASSED] - setText(findTestObject("Maintenance/Halaman Login/input_Phone email or username_sessionusername_or_email"), "Maahkinderjoy"): Text 'Maahkinderjoy' is set on object 'Object Repository/Maintenance/Halaman Login/input_Phone email or username_sessionusername_or_email'

2020-02-26 17:48:13 - [MESSAGE][PASSED] - Text 'Maahkinderjoy' is set on object 'Object Repository/Maintenance/Halaman Login/input_Phone email or username_sessionusername_or_email'

2020-02-26 17:48:13 - [TEST_STEP][PASSED] - setText(findTestObject("Maintenance/Halaman Login/input_Password_sessionpassword"), "alamsyah333"): Text 'alamsyah333' is set on object 'Object Repository/Maintenance/Halaman Login/input_Password_sessionpassword'

2020-02-26 17:48:14 - [MESSAGE][PASSED] - Text 'alamsyah333' is set on object 'Object Repository/Maintenance/Halaman Login/input_Password_sessionpassword'

2020-02-26 17:48:14 - [TEST_STEP][PASSED] - click(findTestObject("Maintenance/Halaman Login/div_Log in")): Object: 'Object Repository/Maintenance/Halaman Login/div_Log in' is clicked on

2020-02-26 17:48:17 - [MESSAGE][PASSED] - Object: 'Object Repository/Maintenance/Halaman Login/div_Log in' is clicked on

2020-02-26 17:48:17 - [TEST_STEP][PASSED] - delay(10): Delayed 10 second(s)

2020-02-26 17:48:27 - [MESSAGE][PASSED] - Delayed 10 second(s)

2020-02-26 17:48:27 - [TEST_STEP][PASSED] - click(findTestObject("Maintenance/Logout/div_Selengkapnya")): Object: 'Object Repository/Maintenance/Logout/div_Selengkapnya' is clicked on

2020-02-26 17:48:30 - [MESSAGE][PASSED] - Object: 'Object Repository/Maintenance/Logout/div_Selengkapnya' is clicked on

2020-02-26 17:48:30 - [TEST_STEP][PASSED] - delay(5): Delayed 5 second(s)

2020-02-26 17:48:35 - [MESSAGE][PASSED] - Delayed 5 second(s)

2020-02-26 17:48:35 - [TEST_STEP][PASSED] - click(findTestObject("Maintenance/Keluar/div_Keluar")): Object: 'Object Repository/Maintenance/Keluar/div_Keluar' is clicked on

2020-02-26 17:48:36 - [MESSAGE][PASSED] - Object: 'Object Repository/Maintenance/Keluar/div_Keluar' is clicked on

2020-02-26 17:48:36 - [TEST_STEP][PASSED] - closeBrowser(): Browser is closed

2020-02-26 17:48:44 - [MESSAGE][PASSED] - Browser is closed]]></system-out>
         <system-err><![CDATA[]]></system-err>
      </testcase>
      <testcase name="Test Cases/Maintenance 2" time="48.932" classname="Test Cases/Maintenance 2" status="PASSED">
         <system-out><![CDATA[2020-02-26 17:48:44 - [TEST_CASE][PASSED] - Test Cases/Maintenance 2: Test Cases/Maintenance 2

2020-02-26 17:48:44 - [TEST_STEP][PASSED] - openBrowser(""): Browser is opened with url: ''

2020-02-26 17:48:44 - [MESSAGE][INFO] - Starting 'Firefox' driver

2020-02-26 17:48:50 - [MESSAGE][PASSED] - Browser is opened with url: ''

2020-02-26 17:48:50 - [TEST_STEP][PASSED] - navigateToUrl("https://twitter.com"): Navigate to 'https://twitter.com' successfully

2020-02-26 17:48:54 - [MESSAGE][PASSED] - Navigate to 'https://twitter.com' successfully

2020-02-26 17:48:54 - [TEST_STEP][PASSED] - delay(5): Delayed 5 second(s)

2020-02-26 17:48:59 - [MESSAGE][PASSED] - Delayed 5 second(s)

2020-02-26 17:48:59 - [TEST_STEP][PASSED] - click(findTestObject("Maintenance/Halaman Awal/div_Log in")): Object: 'Object Repository/Maintenance/Halaman Awal/div_Log in' is clicked on

2020-02-26 17:48:59 - [MESSAGE][PASSED] - Object: 'Object Repository/Maintenance/Halaman Awal/div_Log in' is clicked on

2020-02-26 17:48:59 - [TEST_STEP][PASSED] - setText(findTestObject("Maintenance/Halaman Login/input_Phone email or username_sessionusername_or_email"), "mizinkoma"): Text 'mizinkoma' is set on object 'Object Repository/Maintenance/Halaman Login/input_Phone email or username_sessionusername_or_email'

2020-02-26 17:49:00 - [MESSAGE][PASSED] - Text 'mizinkoma' is set on object 'Object Repository/Maintenance/Halaman Login/input_Phone email or username_sessionusername_or_email'

2020-02-26 17:49:00 - [TEST_STEP][PASSED] - setText(findTestObject("Maintenance/Halaman Login/input_Password_sessionpassword"), "indraramdan123"): Text 'indraramdan123' is set on object 'Object Repository/Maintenance/Halaman Login/input_Password_sessionpassword'

2020-02-26 17:49:01 - [MESSAGE][PASSED] - Text 'indraramdan123' is set on object 'Object Repository/Maintenance/Halaman Login/input_Password_sessionpassword'

2020-02-26 17:49:01 - [TEST_STEP][PASSED] - click(findTestObject("Maintenance/Halaman Login/div_Log in")): Object: 'Object Repository/Maintenance/Halaman Login/div_Log in' is clicked on

2020-02-26 17:49:04 - [MESSAGE][PASSED] - Object: 'Object Repository/Maintenance/Halaman Login/div_Log in' is clicked on

2020-02-26 17:49:04 - [TEST_STEP][PASSED] - delay(10): Delayed 10 second(s)

2020-02-26 17:49:14 - [MESSAGE][PASSED] - Delayed 10 second(s)

2020-02-26 17:49:14 - [TEST_STEP][PASSED] - click(findTestObject("Maintenance/Logout/div_Selengkapnya")): Object: 'Object Repository/Maintenance/Logout/div_Selengkapnya' is clicked on

2020-02-26 17:49:19 - [MESSAGE][PASSED] - Object: 'Object Repository/Maintenance/Logout/div_Selengkapnya' is clicked on

2020-02-26 17:49:19 - [TEST_STEP][PASSED] - delay(5): Delayed 5 second(s)

2020-02-26 17:49:24 - [MESSAGE][PASSED] - Delayed 5 second(s)

2020-02-26 17:49:24 - [TEST_STEP][PASSED] - click(findTestObject("Maintenance/Keluar/div_Keluar")): Object: 'Object Repository/Maintenance/Keluar/div_Keluar' is clicked on

2020-02-26 17:49:25 - [MESSAGE][PASSED] - Object: 'Object Repository/Maintenance/Keluar/div_Keluar' is clicked on

2020-02-26 17:49:25 - [TEST_STEP][PASSED] - closeBrowser(): Browser is closed

2020-02-26 17:49:33 - [MESSAGE][PASSED] - Browser is closed]]></system-out>
         <system-err><![CDATA[]]></system-err>
      </testcase>
      <system-out><![CDATA[2020-02-26 17:47:55 - [TEST_SUITE][PASSED] - Maintenance: Test Cases/Maintenance 2]]></system-out>
      <system-err><![CDATA[]]></system-err>
   </testsuite>
</testsuites>
