<?xml version="1.0" encoding="UTF-8"?>
<testsuites name="Maintenance" time="104.676" tests="2" failures="0" errors="0">
   <testsuite name="Maintenance" tests="2" failures="0" errors="0" time="104.676" timestamp="2020-02-26 19:02:35" hostname="Yogi Moch Nur - DESKTOP-DB1MUI4" id="Test Suites/Maintenance">
      <properties>
         <property name="deviceName" value=""/>
         <property name="devicePlatform" value=""/>
         <property name="logFolder" value="C:\\Users\\Yogi Moch Nur\\git\\katalonbik\\Reports\\20200226_190216\\Maintenance\\20200226_190216"/>
         <property name="logFiles" value="C:\\Users\\Yogi Moch Nur\\git\\katalonbik\\Reports\\20200226_190216\\Maintenance\\20200226_190216\\execution0.log"/>
         <property name="attachments" value=""/>
         <property name="hostName" value="Yogi Moch Nur - DESKTOP-DB1MUI4"/>
         <property name="os" value="Windows 10 64bit"/>
         <property name="katalonVersion" value="7.2.1.1"/>
         <property name="browser" value="Firefox 73.0"/>
         <property name="hostAddress" value="10.88.81.114"/>
         <property name="sessionId" value="c72a6228-cbf2-42a9-9243-7b05663f1ce9"/>
         <property name="seleniumVersion" value="3.141.59"/>
         <property name="proxyInformation" value="ProxyInformation{proxyOption=NO_PROXY, proxyServerType=HTTP, password=, proxyServerAddress=, proxyServerPort=0, executionList=}"/>
         <property name="platform" value="Windows 10"/>
      </properties>
      <testcase name="Test Cases/Maintenance 1" time="45.675" classname="Test Cases/Maintenance 1" status="PASSED">
         <system-out><![CDATA[2020-02-26 19:02:35 - [TEST_CASE][PASSED] - Test Cases/Maintenance 1: Test Cases/Maintenance 1

2020-02-26 19:02:36 - [TEST_STEP][PASSED] - openBrowser(""): Browser is opened with url: ''

2020-02-26 19:02:36 - [MESSAGE][INFO] - Starting 'Firefox' driver

2020-02-26 19:02:36 - [MESSAGE][INFO] - Action delay is set to 0 seconds

2020-02-26 19:02:42 - [MESSAGE][PASSED] - Browser is opened with url: ''

2020-02-26 19:02:42 - [TEST_STEP][PASSED] - navigateToUrl("https://twitter.com"): Navigate to 'https://twitter.com' successfully

2020-02-26 19:02:47 - [MESSAGE][PASSED] - Navigate to 'https://twitter.com' successfully

2020-02-26 19:02:47 - [TEST_STEP][PASSED] - delay(5): Delayed 5 second(s)

2020-02-26 19:02:52 - [MESSAGE][PASSED] - Delayed 5 second(s)

2020-02-26 19:02:52 - [TEST_STEP][PASSED] - click(findTestObject("Maintenance/Halaman Awal/div_Log in")): Object: 'Object Repository/Maintenance/Halaman Awal/div_Log in' is clicked on

2020-02-26 19:02:53 - [MESSAGE][PASSED] - Object: 'Object Repository/Maintenance/Halaman Awal/div_Log in' is clicked on

2020-02-26 19:02:53 - [TEST_STEP][PASSED] - setText(findTestObject("Maintenance/Halaman Login/input_Phone email or username_sessionusername_or_email"), findTestData("data1").getValue(1, 1)): Text 'jeromepolinnnn' is set on object 'Object Repository/Maintenance/Halaman Login/input_Phone email or username_sessionusername_or_email'

2020-02-26 19:02:56 - [MESSAGE][PASSED] - Text 'jeromepolinnnn' is set on object 'Object Repository/Maintenance/Halaman Login/input_Phone email or username_sessionusername_or_email'

2020-02-26 19:02:56 - [TEST_STEP][PASSED] - setText(findTestObject("Maintenance/Halaman Login/input_Password_sessionpassword"), findTestData("data1").getValue(2, 1)): Text 'indraramdan123' is set on object 'Object Repository/Maintenance/Halaman Login/input_Password_sessionpassword'

2020-02-26 19:02:57 - [MESSAGE][PASSED] - Text 'indraramdan123' is set on object 'Object Repository/Maintenance/Halaman Login/input_Password_sessionpassword'

2020-02-26 19:02:57 - [TEST_STEP][PASSED] - click(findTestObject("Maintenance/Halaman Login/div_Log in")): Object: 'Object Repository/Maintenance/Halaman Login/div_Log in' is clicked on

2020-02-26 19:03:00 - [MESSAGE][PASSED] - Object: 'Object Repository/Maintenance/Halaman Login/div_Log in' is clicked on

2020-02-26 19:03:00 - [TEST_STEP][PASSED] - delay(10): Delayed 10 second(s)

2020-02-26 19:03:10 - [MESSAGE][PASSED] - Delayed 10 second(s)

2020-02-26 19:03:10 - [TEST_STEP][PASSED] - click(findTestObject("Maintenance/Logout/div_Selengkapnya")): Object: 'Object Repository/Maintenance/Logout/div_Selengkapnya' is clicked on

2020-02-26 19:03:10 - [MESSAGE][PASSED] - Object: 'Object Repository/Maintenance/Logout/div_Selengkapnya' is clicked on

2020-02-26 19:03:10 - [TEST_STEP][PASSED] - delay(5): Delayed 5 second(s)

2020-02-26 19:03:15 - [MESSAGE][PASSED] - Delayed 5 second(s)

2020-02-26 19:03:15 - [TEST_STEP][PASSED] - click(findTestObject("Maintenance/Keluar/div_Keluar")): Object: 'Object Repository/Maintenance/Keluar/div_Keluar' is clicked on

2020-02-26 19:03:16 - [MESSAGE][PASSED] - Object: 'Object Repository/Maintenance/Keluar/div_Keluar' is clicked on

2020-02-26 19:03:16 - [TEST_STEP][PASSED] - closeBrowser(): Browser is closed

2020-02-26 19:03:21 - [MESSAGE][PASSED] - Browser is closed]]></system-out>
         <system-err><![CDATA[]]></system-err>
      </testcase>
      <testcase name="Test Cases/Maintenance 2" time="51.113" classname="Test Cases/Maintenance 2" status="PASSED">
         <system-out><![CDATA[2020-02-26 19:03:21 - [TEST_CASE][PASSED] - Test Cases/Maintenance 2: Test Cases/Maintenance 2

2020-02-26 19:03:21 - [TEST_STEP][PASSED] - openBrowser(""): Browser is opened with url: ''

2020-02-26 19:03:21 - [MESSAGE][INFO] - Starting 'Firefox' driver

2020-02-26 19:03:26 - [MESSAGE][PASSED] - Browser is opened with url: ''

2020-02-26 19:03:26 - [TEST_STEP][PASSED] - navigateToUrl("https://twitter.com"): Navigate to 'https://twitter.com' successfully

2020-02-26 19:03:30 - [MESSAGE][PASSED] - Navigate to 'https://twitter.com' successfully

2020-02-26 19:03:30 - [TEST_STEP][PASSED] - delay(5): Delayed 5 second(s)

2020-02-26 19:03:35 - [MESSAGE][PASSED] - Delayed 5 second(s)

2020-02-26 19:03:35 - [TEST_STEP][PASSED] - click(findTestObject("Maintenance/Halaman Awal/div_Log in")): Object: 'Object Repository/Maintenance/Halaman Awal/div_Log in' is clicked on

2020-02-26 19:03:35 - [MESSAGE][PASSED] - Object: 'Object Repository/Maintenance/Halaman Awal/div_Log in' is clicked on

2020-02-26 19:03:35 - [TEST_STEP][PASSED] - setText(findTestObject("Maintenance/Halaman Login/input_Phone email or username_sessionusername_or_email"), findTestData("data1").getValue(1, 2)): Text 'mizinkoma' is set on object 'Object Repository/Maintenance/Halaman Login/input_Phone email or username_sessionusername_or_email'

2020-02-26 19:03:36 - [MESSAGE][PASSED] - Text 'mizinkoma' is set on object 'Object Repository/Maintenance/Halaman Login/input_Phone email or username_sessionusername_or_email'

2020-02-26 19:03:36 - [TEST_STEP][PASSED] - setText(findTestObject("Maintenance/Halaman Login/input_Password_sessionpassword"), findTestData("data1").getValue(2, 2)): Text 'indraramdan123' is set on object 'Object Repository/Maintenance/Halaman Login/input_Password_sessionpassword'

2020-02-26 19:03:37 - [MESSAGE][PASSED] - Text 'indraramdan123' is set on object 'Object Repository/Maintenance/Halaman Login/input_Password_sessionpassword'

2020-02-26 19:03:37 - [TEST_STEP][PASSED] - click(findTestObject("Maintenance/Halaman Login/div_Log in")): Object: 'Object Repository/Maintenance/Halaman Login/div_Log in' is clicked on

2020-02-26 19:03:39 - [MESSAGE][PASSED] - Object: 'Object Repository/Maintenance/Halaman Login/div_Log in' is clicked on

2020-02-26 19:03:39 - [TEST_STEP][PASSED] - delay(10): Delayed 10 second(s)

2020-02-26 19:03:49 - [MESSAGE][PASSED] - Delayed 10 second(s)

2020-02-26 19:03:49 - [TEST_STEP][PASSED] - click(findTestObject("Maintenance/Logout/div_Selengkapnya")): Object: 'Object Repository/Maintenance/Logout/div_Selengkapnya' is clicked on

2020-02-26 19:03:56 - [MESSAGE][PASSED] - Object: 'Object Repository/Maintenance/Logout/div_Selengkapnya' is clicked on

2020-02-26 19:03:56 - [TEST_STEP][PASSED] - delay(5): Delayed 5 second(s)

2020-02-26 19:04:01 - [MESSAGE][PASSED] - Delayed 5 second(s)

2020-02-26 19:04:01 - [TEST_STEP][PASSED] - click(findTestObject("Maintenance/Keluar/div_Keluar")): Object: 'Object Repository/Maintenance/Keluar/div_Keluar' is clicked on

2020-02-26 19:04:04 - [MESSAGE][PASSED] - Object: 'Object Repository/Maintenance/Keluar/div_Keluar' is clicked on

2020-02-26 19:04:04 - [TEST_STEP][PASSED] - closeBrowser(): Browser is closed

2020-02-26 19:04:12 - [MESSAGE][PASSED] - Browser is closed]]></system-out>
         <system-err><![CDATA[]]></system-err>
      </testcase>
      <system-out><![CDATA[2020-02-26 19:02:35 - [TEST_SUITE][PASSED] - Maintenance: Test Cases/Maintenance 2]]></system-out>
      <system-err><![CDATA[]]></system-err>
   </testsuite>
</testsuites>
