<?xml version="1.0" encoding="UTF-8"?>
<testsuites name="Maintenance" time="98.181" tests="2" failures="0" errors="0">
   <testsuite name="Maintenance" tests="2" failures="0" errors="0" time="98.181" timestamp="2020-02-26 17:45:16" hostname="Yogi Moch Nur - DESKTOP-DB1MUI4" id="Test Suites/Maintenance">
      <properties>
         <property name="deviceName" value=""/>
         <property name="devicePlatform" value=""/>
         <property name="logFolder" value="C:\\Users\\Yogi Moch Nur\\git\\katalonbik\\Reports\\20200226_174458\\Maintenance\\20200226_174458"/>
         <property name="logFiles" value="C:\\Users\\Yogi Moch Nur\\git\\katalonbik\\Reports\\20200226_174458\\Maintenance\\20200226_174458\\execution0.log"/>
         <property name="attachments" value=""/>
         <property name="hostName" value="Yogi Moch Nur - DESKTOP-DB1MUI4"/>
         <property name="os" value="Windows 10 64bit"/>
         <property name="katalonVersion" value="7.2.1.1"/>
         <property name="browser" value="Firefox 73.0"/>
         <property name="hostAddress" value="10.88.81.114"/>
         <property name="sessionId" value="7d8ab528-6216-48e9-82b7-8d5765df3a21"/>
         <property name="seleniumVersion" value="3.141.59"/>
         <property name="proxyInformation" value="ProxyInformation{proxyOption=NO_PROXY, proxyServerType=HTTP, password=, proxyServerAddress=, proxyServerPort=0, executionList=}"/>
         <property name="platform" value="Windows 10"/>
      </properties>
      <testcase name="Test Cases/Maintenance 1" time="46.869" classname="Test Cases/Maintenance 1" status="PASSED">
         <system-out><![CDATA[2020-02-26 17:45:17 - [TEST_CASE][PASSED] - Test Cases/Maintenance 1: Test Cases/Maintenance 1

2020-02-26 17:45:17 - [TEST_STEP][PASSED] - openBrowser(""): Browser is opened with url: ''

2020-02-26 17:45:17 - [MESSAGE][INFO] - Starting 'Firefox' driver

2020-02-26 17:45:18 - [MESSAGE][INFO] - Action delay is set to 0 seconds

2020-02-26 17:45:25 - [MESSAGE][PASSED] - Browser is opened with url: ''

2020-02-26 17:45:25 - [TEST_STEP][PASSED] - navigateToUrl("https://twitter.com"): Navigate to 'https://twitter.com' successfully

2020-02-26 17:45:29 - [MESSAGE][PASSED] - Navigate to 'https://twitter.com' successfully

2020-02-26 17:45:29 - [TEST_STEP][PASSED] - delay(5): Delayed 5 second(s)

2020-02-26 17:45:34 - [MESSAGE][PASSED] - Delayed 5 second(s)

2020-02-26 17:45:34 - [TEST_STEP][PASSED] - click(findTestObject("Maintenance/Halaman Awal/div_Log in")): Object: 'Object Repository/Maintenance/Halaman Awal/div_Log in' is clicked on

2020-02-26 17:45:35 - [MESSAGE][PASSED] - Object: 'Object Repository/Maintenance/Halaman Awal/div_Log in' is clicked on

2020-02-26 17:45:35 - [TEST_STEP][PASSED] - setText(findTestObject("Maintenance/Halaman Login/input_Phone email or username_sessionusername_or_email"), "Maahkinderjoy"): Text 'Maahkinderjoy' is set on object 'Object Repository/Maintenance/Halaman Login/input_Phone email or username_sessionusername_or_email'

2020-02-26 17:45:37 - [MESSAGE][PASSED] - Text 'Maahkinderjoy' is set on object 'Object Repository/Maintenance/Halaman Login/input_Phone email or username_sessionusername_or_email'

2020-02-26 17:45:37 - [TEST_STEP][PASSED] - setText(findTestObject("Maintenance/Halaman Login/input_Password_sessionpassword"), "alamsyah333"): Text 'alamsyah333' is set on object 'Object Repository/Maintenance/Halaman Login/input_Password_sessionpassword'

2020-02-26 17:45:37 - [MESSAGE][PASSED] - Text 'alamsyah333' is set on object 'Object Repository/Maintenance/Halaman Login/input_Password_sessionpassword'

2020-02-26 17:45:37 - [TEST_STEP][PASSED] - click(findTestObject("Maintenance/Halaman Login/div_Log in")): Object: 'Object Repository/Maintenance/Halaman Login/div_Log in' is clicked on

2020-02-26 17:45:40 - [MESSAGE][PASSED] - Object: 'Object Repository/Maintenance/Halaman Login/div_Log in' is clicked on

2020-02-26 17:45:40 - [TEST_STEP][PASSED] - delay(10): Delayed 10 second(s)

2020-02-26 17:45:50 - [MESSAGE][PASSED] - Delayed 10 second(s)

2020-02-26 17:45:50 - [TEST_STEP][PASSED] - click(findTestObject("Maintenance/Logout/div_Selengkapnya")): Object: 'Object Repository/Maintenance/Logout/div_Selengkapnya' is clicked on

2020-02-26 17:45:51 - [MESSAGE][PASSED] - Object: 'Object Repository/Maintenance/Logout/div_Selengkapnya' is clicked on

2020-02-26 17:45:51 - [TEST_STEP][PASSED] - delay(5): Delayed 5 second(s)

2020-02-26 17:45:56 - [MESSAGE][PASSED] - Delayed 5 second(s)

2020-02-26 17:45:56 - [TEST_STEP][PASSED] - click(findTestObject("Maintenance/Keluar/div_Keluar")): Object: 'Object Repository/Maintenance/Keluar/div_Keluar' is clicked on

2020-02-26 17:45:56 - [MESSAGE][PASSED] - Object: 'Object Repository/Maintenance/Keluar/div_Keluar' is clicked on

2020-02-26 17:45:56 - [TEST_STEP][PASSED] - closeBrowser(): Browser is closed

2020-02-26 17:46:03 - [MESSAGE][PASSED] - Browser is closed]]></system-out>
         <system-err><![CDATA[]]></system-err>
      </testcase>
      <testcase name="Test Cases/Maintenance 2" time="42.379" classname="Test Cases/Maintenance 2" status="PASSED">
         <system-out><![CDATA[2020-02-26 17:46:03 - [TEST_CASE][PASSED] - Test Cases/Maintenance 2: Test Cases/Maintenance 2

2020-02-26 17:46:04 - [TEST_STEP][PASSED] - openBrowser(""): Browser is opened with url: ''

2020-02-26 17:46:04 - [MESSAGE][INFO] - Starting 'Firefox' driver

2020-02-26 17:46:09 - [MESSAGE][PASSED] - Browser is opened with url: ''

2020-02-26 17:46:09 - [TEST_STEP][PASSED] - navigateToUrl("https://twitter.com"): Navigate to 'https://twitter.com' successfully

2020-02-26 17:46:13 - [MESSAGE][PASSED] - Navigate to 'https://twitter.com' successfully

2020-02-26 17:46:13 - [TEST_STEP][PASSED] - delay(5): Delayed 5 second(s)

2020-02-26 17:46:18 - [MESSAGE][PASSED] - Delayed 5 second(s)

2020-02-26 17:46:18 - [TEST_STEP][PASSED] - click(findTestObject("Maintenance/Halaman Awal/div_Log in")): Object: 'Object Repository/Maintenance/Halaman Awal/div_Log in' is clicked on

2020-02-26 17:46:18 - [MESSAGE][PASSED] - Object: 'Object Repository/Maintenance/Halaman Awal/div_Log in' is clicked on

2020-02-26 17:46:18 - [TEST_STEP][PASSED] - setText(findTestObject("Maintenance/Halaman Login/input_Phone email or username_sessionusername_or_email"), "SupestarW"): Text 'SupestarW' is set on object 'Object Repository/Maintenance/Halaman Login/input_Phone email or username_sessionusername_or_email'

2020-02-26 17:46:19 - [MESSAGE][PASSED] - Text 'SupestarW' is set on object 'Object Repository/Maintenance/Halaman Login/input_Phone email or username_sessionusername_or_email'

2020-02-26 17:46:19 - [TEST_STEP][PASSED] - setText(findTestObject("Maintenance/Halaman Login/input_Password_sessionpassword"), "alamsyah333"): Text 'alamsyah333' is set on object 'Object Repository/Maintenance/Halaman Login/input_Password_sessionpassword'

2020-02-26 17:46:20 - [MESSAGE][PASSED] - Text 'alamsyah333' is set on object 'Object Repository/Maintenance/Halaman Login/input_Password_sessionpassword'

2020-02-26 17:46:20 - [TEST_STEP][PASSED] - click(findTestObject("Maintenance/Halaman Login/div_Log in")): Object: 'Object Repository/Maintenance/Halaman Login/div_Log in' is clicked on

2020-02-26 17:46:22 - [MESSAGE][PASSED] - Object: 'Object Repository/Maintenance/Halaman Login/div_Log in' is clicked on

2020-02-26 17:46:22 - [TEST_STEP][PASSED] - delay(10): Delayed 10 second(s)

2020-02-26 17:46:32 - [MESSAGE][PASSED] - Delayed 10 second(s)

2020-02-26 17:46:32 - [TEST_STEP][PASSED] - click(findTestObject("Maintenance/Logout/div_Selengkapnya")): Object: 'Object Repository/Maintenance/Logout/div_Selengkapnya' is clicked on

2020-02-26 17:46:34 - [MESSAGE][PASSED] - Object: 'Object Repository/Maintenance/Logout/div_Selengkapnya' is clicked on

2020-02-26 17:46:34 - [TEST_STEP][PASSED] - delay(5): Delayed 5 second(s)

2020-02-26 17:46:39 - [MESSAGE][PASSED] - Delayed 5 second(s)

2020-02-26 17:46:39 - [TEST_STEP][PASSED] - click(findTestObject("Maintenance/Keluar/div_Keluar")): Object: 'Object Repository/Maintenance/Keluar/div_Keluar' is clicked on

2020-02-26 17:46:39 - [MESSAGE][PASSED] - Object: 'Object Repository/Maintenance/Keluar/div_Keluar' is clicked on

2020-02-26 17:46:39 - [TEST_STEP][PASSED] - closeBrowser(): Browser is closed

2020-02-26 17:46:46 - [MESSAGE][PASSED] - Browser is closed]]></system-out>
         <system-err><![CDATA[]]></system-err>
      </testcase>
      <system-out><![CDATA[2020-02-26 17:45:16 - [TEST_SUITE][PASSED] - Maintenance: Test Cases/Maintenance 2]]></system-out>
      <system-err><![CDATA[]]></system-err>
   </testsuite>
</testsuites>
