<?xml version="1.0" encoding="UTF-8"?>
<testsuites name="TestDataExcel" time="81.988" tests="2" failures="0" errors="0">
   <testsuite name="TestDataExcel" tests="2" failures="0" errors="0" time="81.988" timestamp="2020-02-26 16:15:58" hostname="Yogi Moch Nur - DESKTOP-DB1MUI4" id="Test Suites/TestDataExcel">
      <properties>
         <property name="deviceName" value=""/>
         <property name="devicePlatform" value=""/>
         <property name="logFolder" value="C:\\Users\\Yogi Moch Nur\\git\\katalonbik\\Reports\\20200226_161554\\TestDataExcel\\20200226_161554"/>
         <property name="logFiles" value="C:\\Users\\Yogi Moch Nur\\git\\katalonbik\\Reports\\20200226_161554\\TestDataExcel\\20200226_161554\\execution0.log"/>
         <property name="attachments" value=""/>
         <property name="hostName" value="Yogi Moch Nur - DESKTOP-DB1MUI4"/>
         <property name="os" value="Windows 10 64bit"/>
         <property name="katalonVersion" value="7.2.1.1"/>
         <property name="browser" value="Chrome 80.0.3987.122"/>
         <property name="hostAddress" value="192.168.43.160"/>
         <property name="sessionId" value="cb356c57cf254c0796748a4a62776fd5"/>
         <property name="seleniumVersion" value="3.141.59"/>
         <property name="proxyInformation" value="ProxyInformation{proxyOption=NO_PROXY, proxyServerType=HTTP, password=, proxyServerAddress=, proxyServerPort=0, executionList=}"/>
         <property name="platform" value="Windows 10"/>
      </properties>
      <testcase name="Test Cases/Account Maintenance" time="40.362" classname="Test Cases/Account Maintenance" status="PASSED">
         <system-out><![CDATA[2020-02-26 16:15:58 - [TEST_CASE][PASSED] - Test Cases/Account Maintenance: Test Cases/Account Maintenance

2020-02-26 16:15:59 - [TEST_STEP][PASSED] - openBrowser(""): Browser is opened with url: ''

2020-02-26 16:15:59 - [MESSAGE][INFO] - Starting 'Chrome' driver

2020-02-26 16:15:59 - [MESSAGE][INFO] - Action delay is set to 0 seconds

2020-02-26 16:16:05 - [MESSAGE][PASSED] - Browser is opened with url: ''

2020-02-26 16:16:05 - [TEST_STEP][PASSED] - navigateToUrl("https://twitter.com"): Navigate to 'https://twitter.com' successfully

2020-02-26 16:16:08 - [MESSAGE][PASSED] - Navigate to 'https://twitter.com' successfully

2020-02-26 16:16:08 - [TEST_STEP][PASSED] - delay(5): Delayed 5 second(s)

2020-02-26 16:16:14 - [MESSAGE][PASSED] - Delayed 5 second(s)

2020-02-26 16:16:14 - [TEST_STEP][PASSED] - click(findTestObject("Maintenance/Halaman Awal/div_Log in")): Object: 'Object Repository/Maintenance/Halaman Awal/div_Log in' is clicked on

2020-02-26 16:16:14 - [MESSAGE][PASSED] - Object: 'Object Repository/Maintenance/Halaman Awal/div_Log in' is clicked on

2020-02-26 16:16:14 - [TEST_STEP][PASSED] - setText(findTestObject("Maintenance/Halaman Login/input_Phone email or username_sessionusername_or_email"), findTestData("data1").getValue(1, 1)): Text 'Maahkinderjoy' is set on object 'Object Repository/Maintenance/Halaman Login/input_Phone email or username_sessionusername_or_email'

2020-02-26 16:16:17 - [MESSAGE][PASSED] - Text 'Maahkinderjoy' is set on object 'Object Repository/Maintenance/Halaman Login/input_Phone email or username_sessionusername_or_email'

2020-02-26 16:16:17 - [TEST_STEP][PASSED] - setText(findTestObject("Maintenance/Halaman Login/input_Password_sessionpassword"), findTestData("data1").getValue(2, 1)): Text 'alamsyah333' is set on object 'Object Repository/Maintenance/Halaman Login/input_Password_sessionpassword'

2020-02-26 16:16:18 - [MESSAGE][PASSED] - Text 'alamsyah333' is set on object 'Object Repository/Maintenance/Halaman Login/input_Password_sessionpassword'

2020-02-26 16:16:18 - [TEST_STEP][PASSED] - click(findTestObject("Maintenance/Halaman Login/div_Log in")): Object: 'Object Repository/Maintenance/Halaman Login/div_Log in' is clicked on

2020-02-26 16:16:20 - [MESSAGE][PASSED] - Object: 'Object Repository/Maintenance/Halaman Login/div_Log in' is clicked on

2020-02-26 16:16:20 - [TEST_STEP][PASSED] - delay(10): Delayed 10 second(s)

2020-02-26 16:16:30 - [MESSAGE][PASSED] - Delayed 10 second(s)

2020-02-26 16:16:30 - [TEST_STEP][NOT_RUN] - scrollToPosition(0, 9): NOT_RUN: scrollToPosition(0, 9)

2020-02-26 16:16:30 - [MESSAGE][NOT_RUN] - NOT_RUN: scrollToPosition(0, 9)

2020-02-26 16:16:30 - [TEST_STEP][NOT_RUN] - delay(10): NOT_RUN: delay(10)

2020-02-26 16:16:30 - [MESSAGE][NOT_RUN] - NOT_RUN: delay(10)

2020-02-26 16:16:30 - [TEST_STEP][NOT_RUN] - scrollToPosition(0, 99): NOT_RUN: scrollToPosition(0, 99)

2020-02-26 16:16:30 - [MESSAGE][NOT_RUN] - NOT_RUN: scrollToPosition(0, 99)

2020-02-26 16:16:30 - [TEST_STEP][NOT_RUN] - delay(10): NOT_RUN: delay(10)

2020-02-26 16:16:30 - [MESSAGE][NOT_RUN] - NOT_RUN: delay(10)

2020-02-26 16:16:30 - [TEST_STEP][NOT_RUN] - scrollToPosition(0, 999): NOT_RUN: scrollToPosition(0, 999)

2020-02-26 16:16:30 - [MESSAGE][NOT_RUN] - NOT_RUN: scrollToPosition(0, 999)

2020-02-26 16:16:30 - [TEST_STEP][NOT_RUN] - delay(10): NOT_RUN: delay(10)

2020-02-26 16:16:30 - [MESSAGE][NOT_RUN] - NOT_RUN: delay(10)

2020-02-26 16:16:30 - [TEST_STEP][NOT_RUN] - scrollToPosition(0, 9999): NOT_RUN: scrollToPosition(0, 9999)

2020-02-26 16:16:30 - [MESSAGE][NOT_RUN] - NOT_RUN: scrollToPosition(0, 9999)

2020-02-26 16:16:30 - [TEST_STEP][NOT_RUN] - sendKeys(findTestObject(null), Keys.chord(HOME)): NOT_RUN: sendKeys(findTestObject(null), Keys.chord(HOME))

2020-02-26 16:16:30 - [MESSAGE][NOT_RUN] - NOT_RUN: sendKeys(findTestObject(null), Keys.chord(HOME))

2020-02-26 16:16:30 - [TEST_STEP][NOT_RUN] - delay(5): NOT_RUN: delay(5)

2020-02-26 16:16:30 - [MESSAGE][NOT_RUN] - NOT_RUN: delay(5)

2020-02-26 16:16:30 - [TEST_STEP][NOT_RUN] - setText(findTestObject("Maintenance/Search Mutualan"), "mutualan rt"): NOT_RUN: setText(findTestObject("Maintenance/Search Mutualan"), "mutualan rt")

2020-02-26 16:16:30 - [MESSAGE][NOT_RUN] - NOT_RUN: setText(findTestObject("Maintenance/Search Mutualan"), "mutualan rt")

2020-02-26 16:16:30 - [TEST_STEP][NOT_RUN] - delay(5): NOT_RUN: delay(5)

2020-02-26 16:16:30 - [MESSAGE][NOT_RUN] - NOT_RUN: delay(5)

2020-02-26 16:16:30 - [TEST_STEP][NOT_RUN] - click(findTestObject("Maintenance/Klik Span Mutualan RT"), STOP_ON_FAILURE): NOT_RUN: click(findTestObject("Maintenance/Klik Span Mutualan RT"), STOP_ON_FAILURE)

2020-02-26 16:16:30 - [MESSAGE][NOT_RUN] - NOT_RUN: click(findTestObject("Maintenance/Klik Span Mutualan RT"), STOP_ON_FAILURE)

2020-02-26 16:16:30 - [TEST_STEP][NOT_RUN] - delay(20): NOT_RUN: delay(20)

2020-02-26 16:16:30 - [MESSAGE][NOT_RUN] - NOT_RUN: delay(20)

2020-02-26 16:16:30 - [TEST_STEP][NOT_RUN] - click(findTestObject("Maintenance/Klik Tweet Pertama Mutualan")): NOT_RUN: click(findTestObject("Maintenance/Klik Tweet Pertama Mutualan"))

2020-02-26 16:16:30 - [MESSAGE][NOT_RUN] - NOT_RUN: click(findTestObject("Maintenance/Klik Tweet Pertama Mutualan"))

2020-02-26 16:16:30 - [TEST_STEP][NOT_RUN] - delay(10): NOT_RUN: delay(10)

2020-02-26 16:16:30 - [MESSAGE][NOT_RUN] - NOT_RUN: delay(10)

2020-02-26 16:16:30 - [TEST_STEP][NOT_RUN] - click(findTestObject("Maintenance/Klik Retweet")): NOT_RUN: click(findTestObject("Maintenance/Klik Retweet"))

2020-02-26 16:16:30 - [MESSAGE][NOT_RUN] - NOT_RUN: click(findTestObject("Maintenance/Klik Retweet"))

2020-02-26 16:16:30 - [TEST_STEP][NOT_RUN] - delay(10): NOT_RUN: delay(10)

2020-02-26 16:16:30 - [MESSAGE][NOT_RUN] - NOT_RUN: delay(10)

2020-02-26 16:16:30 - [TEST_STEP][NOT_RUN] - click(findTestObject("Maintenance/Follow 1")): NOT_RUN: click(findTestObject("Maintenance/Follow 1"))

2020-02-26 16:16:30 - [MESSAGE][NOT_RUN] - NOT_RUN: click(findTestObject("Maintenance/Follow 1"))

2020-02-26 16:16:30 - [TEST_STEP][NOT_RUN] - delay(10): NOT_RUN: delay(10)

2020-02-26 16:16:30 - [MESSAGE][NOT_RUN] - NOT_RUN: delay(10)

2020-02-26 16:16:30 - [TEST_STEP][NOT_RUN] - click(findTestObject("Maintenance/Follow 2")): NOT_RUN: click(findTestObject("Maintenance/Follow 2"))

2020-02-26 16:16:30 - [MESSAGE][NOT_RUN] - NOT_RUN: click(findTestObject("Maintenance/Follow 2"))

2020-02-26 16:16:30 - [TEST_STEP][NOT_RUN] - delay(20): NOT_RUN: delay(20)

2020-02-26 16:16:30 - [MESSAGE][NOT_RUN] - NOT_RUN: delay(20)

2020-02-26 16:16:30 - [TEST_STEP][NOT_RUN] - click(findTestObject("Maintenance/Follow 3")): NOT_RUN: click(findTestObject("Maintenance/Follow 3"))

2020-02-26 16:16:30 - [MESSAGE][NOT_RUN] - NOT_RUN: click(findTestObject("Maintenance/Follow 3"))

2020-02-26 16:16:30 - [TEST_STEP][NOT_RUN] - delay(15): NOT_RUN: delay(15)

2020-02-26 16:16:30 - [MESSAGE][NOT_RUN] - NOT_RUN: delay(15)

2020-02-26 16:16:30 - [TEST_STEP][NOT_RUN] - click(findTestObject("Maintenance/Follow 4")): NOT_RUN: click(findTestObject("Maintenance/Follow 4"))

2020-02-26 16:16:30 - [MESSAGE][NOT_RUN] - NOT_RUN: click(findTestObject("Maintenance/Follow 4"))

2020-02-26 16:16:30 - [TEST_STEP][NOT_RUN] - delay(10): NOT_RUN: delay(10)

2020-02-26 16:16:30 - [MESSAGE][NOT_RUN] - NOT_RUN: delay(10)

2020-02-26 16:16:30 - [TEST_STEP][NOT_RUN] - click(findTestObject("Maintenance/Follow 5")): NOT_RUN: click(findTestObject("Maintenance/Follow 5"))

2020-02-26 16:16:30 - [MESSAGE][NOT_RUN] - NOT_RUN: click(findTestObject("Maintenance/Follow 5"))

2020-02-26 16:16:31 - [TEST_STEP][NOT_RUN] - delay(15): NOT_RUN: delay(15)

2020-02-26 16:16:31 - [MESSAGE][NOT_RUN] - NOT_RUN: delay(15)

2020-02-26 16:16:31 - [TEST_STEP][NOT_RUN] - click(findTestObject("Maintenance/Button Close")): NOT_RUN: click(findTestObject("Maintenance/Button Close"))

2020-02-26 16:16:31 - [MESSAGE][NOT_RUN] - NOT_RUN: click(findTestObject("Maintenance/Button Close"))

2020-02-26 16:16:31 - [TEST_STEP][NOT_RUN] - delay(5): NOT_RUN: delay(5)

2020-02-26 16:16:31 - [MESSAGE][NOT_RUN] - NOT_RUN: delay(5)

2020-02-26 16:16:31 - [TEST_STEP][NOT_RUN] - click(findTestObject("Maintenance/Button Home")): NOT_RUN: click(findTestObject("Maintenance/Button Home"))

2020-02-26 16:16:31 - [MESSAGE][NOT_RUN] - NOT_RUN: click(findTestObject("Maintenance/Button Home"))

2020-02-26 16:16:31 - [TEST_STEP][NOT_RUN] - delay(10): NOT_RUN: delay(10)

2020-02-26 16:16:31 - [MESSAGE][NOT_RUN] - NOT_RUN: delay(10)

2020-02-26 16:16:31 - [TEST_STEP][NOT_RUN] - click(findTestObject("Maintenance/Button Explore")): NOT_RUN: click(findTestObject("Maintenance/Button Explore"))

2020-02-26 16:16:31 - [MESSAGE][NOT_RUN] - NOT_RUN: click(findTestObject("Maintenance/Button Explore"))

2020-02-26 16:16:31 - [TEST_STEP][NOT_RUN] - click(findTestObject("Maintenance/Show More Hastag")): NOT_RUN: click(findTestObject("Maintenance/Show More Hastag"))

2020-02-26 16:16:31 - [MESSAGE][NOT_RUN] - NOT_RUN: click(findTestObject("Maintenance/Show More Hastag"))

2020-02-26 16:16:31 - [TEST_STEP][NOT_RUN] - delay(10): NOT_RUN: delay(10)

2020-02-26 16:16:31 - [MESSAGE][NOT_RUN] - NOT_RUN: delay(10)

2020-02-26 16:16:31 - [TEST_STEP][NOT_RUN] - scrollToPosition(0, 9): NOT_RUN: scrollToPosition(0, 9)

2020-02-26 16:16:31 - [MESSAGE][NOT_RUN] - NOT_RUN: scrollToPosition(0, 9)

2020-02-26 16:16:31 - [TEST_STEP][NOT_RUN] - delay(10): NOT_RUN: delay(10)

2020-02-26 16:16:31 - [MESSAGE][NOT_RUN] - NOT_RUN: delay(10)

2020-02-26 16:16:31 - [TEST_STEP][NOT_RUN] - scrollToPosition(0, 99): NOT_RUN: scrollToPosition(0, 99)

2020-02-26 16:16:31 - [MESSAGE][NOT_RUN] - NOT_RUN: scrollToPosition(0, 99)

2020-02-26 16:16:31 - [TEST_STEP][NOT_RUN] - delay(10): NOT_RUN: delay(10)

2020-02-26 16:16:31 - [MESSAGE][NOT_RUN] - NOT_RUN: delay(10)

2020-02-26 16:16:31 - [TEST_STEP][NOT_RUN] - scrollToPosition(0, 999): NOT_RUN: scrollToPosition(0, 999)

2020-02-26 16:16:31 - [MESSAGE][NOT_RUN] - NOT_RUN: scrollToPosition(0, 999)

2020-02-26 16:16:31 - [TEST_STEP][NOT_RUN] - delay(10): NOT_RUN: delay(10)

2020-02-26 16:16:31 - [MESSAGE][NOT_RUN] - NOT_RUN: delay(10)

2020-02-26 16:16:31 - [TEST_STEP][NOT_RUN] - scrollToPosition(0, 9999): NOT_RUN: scrollToPosition(0, 9999)

2020-02-26 16:16:31 - [MESSAGE][NOT_RUN] - NOT_RUN: scrollToPosition(0, 9999)

2020-02-26 16:16:31 - [TEST_STEP][NOT_RUN] - sendKeys(findTestObject(null), Keys.chord(HOME)): NOT_RUN: sendKeys(findTestObject(null), Keys.chord(HOME))

2020-02-26 16:16:31 - [MESSAGE][NOT_RUN] - NOT_RUN: sendKeys(findTestObject(null), Keys.chord(HOME))

2020-02-26 16:16:31 - [TEST_STEP][NOT_RUN] - delay(5): NOT_RUN: delay(5)

2020-02-26 16:16:31 - [MESSAGE][NOT_RUN] - NOT_RUN: delay(5)

2020-02-26 16:16:31 - [TEST_STEP][NOT_RUN] - click(findTestObject("Maintenance/Button Notifikasi")): NOT_RUN: click(findTestObject("Maintenance/Button Notifikasi"))

2020-02-26 16:16:31 - [MESSAGE][NOT_RUN] - NOT_RUN: click(findTestObject("Maintenance/Button Notifikasi"))

2020-02-26 16:16:31 - [TEST_STEP][NOT_RUN] - delay(10): NOT_RUN: delay(10)

2020-02-26 16:16:31 - [MESSAGE][NOT_RUN] - NOT_RUN: delay(10)

2020-02-26 16:16:31 - [TEST_STEP][NOT_RUN] - click(findTestObject("Maintenance/Notification Mention")): NOT_RUN: click(findTestObject("Maintenance/Notification Mention"))

2020-02-26 16:16:31 - [MESSAGE][NOT_RUN] - NOT_RUN: click(findTestObject("Maintenance/Notification Mention"))

2020-02-26 16:16:31 - [TEST_STEP][NOT_RUN] - delay(10): NOT_RUN: delay(10)

2020-02-26 16:16:31 - [MESSAGE][NOT_RUN] - NOT_RUN: delay(10)

2020-02-26 16:16:31 - [TEST_STEP][NOT_RUN] - click(findTestObject("Maintenance/Button Message")): NOT_RUN: click(findTestObject("Maintenance/Button Message"))

2020-02-26 16:16:31 - [MESSAGE][NOT_RUN] - NOT_RUN: click(findTestObject("Maintenance/Button Message"))

2020-02-26 16:16:31 - [TEST_STEP][NOT_RUN] - delay(10): NOT_RUN: delay(10)

2020-02-26 16:16:31 - [MESSAGE][NOT_RUN] - NOT_RUN: delay(10)

2020-02-26 16:16:31 - [TEST_STEP][NOT_RUN] - click(findTestObject("Maintenance/Button List")): NOT_RUN: click(findTestObject("Maintenance/Button List"))

2020-02-26 16:16:31 - [MESSAGE][NOT_RUN] - NOT_RUN: click(findTestObject("Maintenance/Button List"))

2020-02-26 16:16:31 - [TEST_STEP][NOT_RUN] - delay(10): NOT_RUN: delay(10)

2020-02-26 16:16:31 - [MESSAGE][NOT_RUN] - NOT_RUN: delay(10)

2020-02-26 16:16:31 - [TEST_STEP][NOT_RUN] - click(findTestObject("Maintenance/List Subscribed")): NOT_RUN: click(findTestObject("Maintenance/List Subscribed"))

2020-02-26 16:16:31 - [MESSAGE][NOT_RUN] - NOT_RUN: click(findTestObject("Maintenance/List Subscribed"))

2020-02-26 16:16:31 - [TEST_STEP][NOT_RUN] - delay(10): NOT_RUN: delay(10)

2020-02-26 16:16:31 - [MESSAGE][NOT_RUN] - NOT_RUN: delay(10)

2020-02-26 16:16:31 - [TEST_STEP][NOT_RUN] - click(findTestObject("Maintenance/List Member")): NOT_RUN: click(findTestObject("Maintenance/List Member"))

2020-02-26 16:16:31 - [MESSAGE][NOT_RUN] - NOT_RUN: click(findTestObject("Maintenance/List Member"))

2020-02-26 16:16:31 - [TEST_STEP][NOT_RUN] - delay(10): NOT_RUN: delay(10)

2020-02-26 16:16:31 - [MESSAGE][NOT_RUN] - NOT_RUN: delay(10)

2020-02-26 16:16:31 - [TEST_STEP][NOT_RUN] - click(findTestObject("Maintenance/Button Profile")): NOT_RUN: click(findTestObject("Maintenance/Button Profile"))

2020-02-26 16:16:31 - [MESSAGE][NOT_RUN] - NOT_RUN: click(findTestObject("Maintenance/Button Profile"))

2020-02-26 16:16:31 - [TEST_STEP][NOT_RUN] - delay(10): NOT_RUN: delay(10)

2020-02-26 16:16:31 - [MESSAGE][NOT_RUN] - NOT_RUN: delay(10)

2020-02-26 16:16:31 - [TEST_STEP][NOT_RUN] - click(findTestObject("Maintenance/Tweet and Replies")): NOT_RUN: click(findTestObject("Maintenance/Tweet and Replies"))

2020-02-26 16:16:31 - [MESSAGE][NOT_RUN] - NOT_RUN: click(findTestObject("Maintenance/Tweet and Replies"))

2020-02-26 16:16:31 - [TEST_STEP][NOT_RUN] - delay(10): NOT_RUN: delay(10)

2020-02-26 16:16:31 - [MESSAGE][NOT_RUN] - NOT_RUN: delay(10)

2020-02-26 16:16:31 - [TEST_STEP][NOT_RUN] - click(findTestObject("Maintenance/Profile - Media")): NOT_RUN: click(findTestObject("Maintenance/Profile - Media"))

2020-02-26 16:16:31 - [MESSAGE][NOT_RUN] - NOT_RUN: click(findTestObject("Maintenance/Profile - Media"))

2020-02-26 16:16:31 - [TEST_STEP][NOT_RUN] - delay(10): NOT_RUN: delay(10)

2020-02-26 16:16:31 - [MESSAGE][NOT_RUN] - NOT_RUN: delay(10)

2020-02-26 16:16:31 - [TEST_STEP][NOT_RUN] - click(findTestObject("Maintenance/Profile - Likes")): NOT_RUN: click(findTestObject("Maintenance/Profile - Likes"))

2020-02-26 16:16:31 - [MESSAGE][NOT_RUN] - NOT_RUN: click(findTestObject("Maintenance/Profile - Likes"))

2020-02-26 16:16:31 - [TEST_STEP][NOT_RUN] - delay(10): NOT_RUN: delay(10)

2020-02-26 16:16:31 - [MESSAGE][NOT_RUN] - NOT_RUN: delay(10)

2020-02-26 16:16:31 - [TEST_STEP][NOT_RUN] - click(findTestObject("Maintenance/Button Home")): NOT_RUN: click(findTestObject("Maintenance/Button Home"))

2020-02-26 16:16:31 - [MESSAGE][NOT_RUN] - NOT_RUN: click(findTestObject("Maintenance/Button Home"))

2020-02-26 16:16:31 - [TEST_STEP][NOT_RUN] - delay(10): NOT_RUN: delay(10)

2020-02-26 16:16:31 - [MESSAGE][NOT_RUN] - NOT_RUN: delay(10)

2020-02-26 16:16:31 - [TEST_STEP][NOT_RUN] - click(findTestObject("Maintenance/Logout/div_Selengkapnya")): NOT_RUN: click(findTestObject("Maintenance/Logout/div_Selengkapnya"))

2020-02-26 16:16:31 - [MESSAGE][NOT_RUN] - NOT_RUN: click(findTestObject("Maintenance/Logout/div_Selengkapnya"))

2020-02-26 16:16:31 - [TEST_STEP][NOT_RUN] - click(findTestObject("Maintenance/Setting and Privacy")): NOT_RUN: click(findTestObject("Maintenance/Setting and Privacy"))

2020-02-26 16:16:31 - [MESSAGE][NOT_RUN] - NOT_RUN: click(findTestObject("Maintenance/Setting and Privacy"))

2020-02-26 16:16:31 - [TEST_STEP][NOT_RUN] - delay(10): NOT_RUN: delay(10)

2020-02-26 16:16:31 - [MESSAGE][NOT_RUN] - NOT_RUN: delay(10)

2020-02-26 16:16:31 - [TEST_STEP][NOT_RUN] - click(findTestObject("Maintenance/Setting - Privacy and safety")): NOT_RUN: click(findTestObject("Maintenance/Setting - Privacy and safety"))

2020-02-26 16:16:31 - [MESSAGE][NOT_RUN] - NOT_RUN: click(findTestObject("Maintenance/Setting - Privacy and safety"))

2020-02-26 16:16:31 - [TEST_STEP][NOT_RUN] - delay(10): NOT_RUN: delay(10)

2020-02-26 16:16:31 - [MESSAGE][NOT_RUN] - NOT_RUN: delay(10)

2020-02-26 16:16:31 - [TEST_STEP][NOT_RUN] - click(findTestObject("Maintenance/Setting - Notification")): NOT_RUN: click(findTestObject("Maintenance/Setting - Notification"))

2020-02-26 16:16:31 - [MESSAGE][NOT_RUN] - NOT_RUN: click(findTestObject("Maintenance/Setting - Notification"))

2020-02-26 16:16:31 - [TEST_STEP][NOT_RUN] - delay(10): NOT_RUN: delay(10)

2020-02-26 16:16:31 - [MESSAGE][NOT_RUN] - NOT_RUN: delay(10)

2020-02-26 16:16:31 - [TEST_STEP][NOT_RUN] - click(findTestObject("Maintenance/Setting - Content preferences")): NOT_RUN: click(findTestObject("Maintenance/Setting - Content preferences"))

2020-02-26 16:16:31 - [MESSAGE][NOT_RUN] - NOT_RUN: click(findTestObject("Maintenance/Setting - Content preferences"))

2020-02-26 16:16:31 - [TEST_STEP][NOT_RUN] - delay(10): NOT_RUN: delay(10)

2020-02-26 16:16:31 - [MESSAGE][NOT_RUN] - NOT_RUN: delay(10)

2020-02-26 16:16:31 - [TEST_STEP][NOT_RUN] - click(findTestObject("Maintenance/Setting - Display")): NOT_RUN: click(findTestObject("Maintenance/Setting - Display"))

2020-02-26 16:16:31 - [MESSAGE][NOT_RUN] - NOT_RUN: click(findTestObject("Maintenance/Setting - Display"))

2020-02-26 16:16:31 - [TEST_STEP][NOT_RUN] - delay(10): NOT_RUN: delay(10)

2020-02-26 16:16:31 - [MESSAGE][NOT_RUN] - NOT_RUN: delay(10)

2020-02-26 16:16:31 - [TEST_STEP][NOT_RUN] - click(findTestObject("Maintenance/Setting - Data Usage")): NOT_RUN: click(findTestObject("Maintenance/Setting - Data Usage"))

2020-02-26 16:16:31 - [MESSAGE][NOT_RUN] - NOT_RUN: click(findTestObject("Maintenance/Setting - Data Usage"))

2020-02-26 16:16:31 - [TEST_STEP][NOT_RUN] - delay(10): NOT_RUN: delay(10)

2020-02-26 16:16:31 - [MESSAGE][NOT_RUN] - NOT_RUN: delay(10)

2020-02-26 16:16:31 - [TEST_STEP][NOT_RUN] - click(findTestObject("Maintenance/Setting - Accessibility")): NOT_RUN: click(findTestObject("Maintenance/Setting - Accessibility"))

2020-02-26 16:16:31 - [MESSAGE][NOT_RUN] - NOT_RUN: click(findTestObject("Maintenance/Setting - Accessibility"))

2020-02-26 16:16:31 - [TEST_STEP][NOT_RUN] - delay(10): NOT_RUN: delay(10)

2020-02-26 16:16:31 - [MESSAGE][NOT_RUN] - NOT_RUN: delay(10)

2020-02-26 16:16:31 - [TEST_STEP][NOT_RUN] - click(findTestObject("Maintenance/Setting - About Twitter")): NOT_RUN: click(findTestObject("Maintenance/Setting - About Twitter"))

2020-02-26 16:16:31 - [MESSAGE][NOT_RUN] - NOT_RUN: click(findTestObject("Maintenance/Setting - About Twitter"))

2020-02-26 16:16:31 - [TEST_STEP][NOT_RUN] - delay(10): NOT_RUN: delay(10)

2020-02-26 16:16:31 - [MESSAGE][NOT_RUN] - NOT_RUN: delay(10)

2020-02-26 16:16:31 - [TEST_STEP][NOT_RUN] - click(findTestObject("Maintenance/Button Home")): NOT_RUN: click(findTestObject("Maintenance/Button Home"))

2020-02-26 16:16:31 - [MESSAGE][NOT_RUN] - NOT_RUN: click(findTestObject("Maintenance/Button Home"))

2020-02-26 16:16:31 - [TEST_STEP][NOT_RUN] - delay(15): NOT_RUN: delay(15)

2020-02-26 16:16:31 - [MESSAGE][NOT_RUN] - NOT_RUN: delay(15)

2020-02-26 16:16:31 - [TEST_STEP][PASSED] - click(findTestObject("Maintenance/Logout/div_Selengkapnya")): Object: 'Object Repository/Maintenance/Logout/div_Selengkapnya' is clicked on

2020-02-26 16:16:31 - [MESSAGE][PASSED] - Object: 'Object Repository/Maintenance/Logout/div_Selengkapnya' is clicked on

2020-02-26 16:16:31 - [TEST_STEP][PASSED] - delay(5): Delayed 5 second(s)

2020-02-26 16:16:36 - [MESSAGE][PASSED] - Delayed 5 second(s)

2020-02-26 16:16:36 - [TEST_STEP][PASSED] - click(findTestObject("Maintenance/Keluar/div_Keluar")): Object: 'Object Repository/Maintenance/Keluar/div_Keluar' is clicked on

2020-02-26 16:16:37 - [MESSAGE][PASSED] - Object: 'Object Repository/Maintenance/Keluar/div_Keluar' is clicked on

2020-02-26 16:16:37 - [TEST_STEP][PASSED] - closeBrowser(): Browser is closed

2020-02-26 16:16:38 - [MESSAGE][PASSED] - Browser is closed]]></system-out>
         <system-err><![CDATA[]]></system-err>
      </testcase>
      <testcase name="Test Cases/Account Maintenance" time="33.006" classname="Test Cases/Account Maintenance" status="PASSED">
         <system-out><![CDATA[2020-02-26 16:16:39 - [TEST_CASE][PASSED] - Test Cases/Account Maintenance: Test Cases/Account Maintenance

2020-02-26 16:16:39 - [TEST_STEP][PASSED] - openBrowser(""): Browser is opened with url: ''

2020-02-26 16:16:39 - [MESSAGE][INFO] - Starting 'Chrome' driver

2020-02-26 16:16:41 - [MESSAGE][PASSED] - Browser is opened with url: ''

2020-02-26 16:16:41 - [TEST_STEP][PASSED] - navigateToUrl("https://twitter.com"): Navigate to 'https://twitter.com' successfully

2020-02-26 16:16:44 - [MESSAGE][PASSED] - Navigate to 'https://twitter.com' successfully

2020-02-26 16:16:44 - [TEST_STEP][PASSED] - delay(5): Delayed 5 second(s)

2020-02-26 16:16:49 - [MESSAGE][PASSED] - Delayed 5 second(s)

2020-02-26 16:16:49 - [TEST_STEP][PASSED] - click(findTestObject("Maintenance/Halaman Awal/div_Log in")): Object: 'Object Repository/Maintenance/Halaman Awal/div_Log in' is clicked on

2020-02-26 16:16:49 - [MESSAGE][PASSED] - Object: 'Object Repository/Maintenance/Halaman Awal/div_Log in' is clicked on

2020-02-26 16:16:49 - [TEST_STEP][PASSED] - setText(findTestObject("Maintenance/Halaman Login/input_Phone email or username_sessionusername_or_email"), findTestData("data1").getValue(1, 1)): Text 'Maahkinderjoy' is set on object 'Object Repository/Maintenance/Halaman Login/input_Phone email or username_sessionusername_or_email'

2020-02-26 16:16:51 - [MESSAGE][PASSED] - Text 'Maahkinderjoy' is set on object 'Object Repository/Maintenance/Halaman Login/input_Phone email or username_sessionusername_or_email'

2020-02-26 16:16:51 - [TEST_STEP][PASSED] - setText(findTestObject("Maintenance/Halaman Login/input_Password_sessionpassword"), findTestData("data1").getValue(2, 1)): Text 'alamsyah333' is set on object 'Object Repository/Maintenance/Halaman Login/input_Password_sessionpassword'

2020-02-26 16:16:51 - [MESSAGE][PASSED] - Text 'alamsyah333' is set on object 'Object Repository/Maintenance/Halaman Login/input_Password_sessionpassword'

2020-02-26 16:16:51 - [TEST_STEP][PASSED] - click(findTestObject("Maintenance/Halaman Login/div_Log in")): Object: 'Object Repository/Maintenance/Halaman Login/div_Log in' is clicked on

2020-02-26 16:16:54 - [MESSAGE][PASSED] - Object: 'Object Repository/Maintenance/Halaman Login/div_Log in' is clicked on

2020-02-26 16:16:54 - [TEST_STEP][PASSED] - delay(10): Delayed 10 second(s)

2020-02-26 16:17:04 - [MESSAGE][PASSED] - Delayed 10 second(s)

2020-02-26 16:17:04 - [TEST_STEP][NOT_RUN] - scrollToPosition(0, 9): NOT_RUN: scrollToPosition(0, 9)

2020-02-26 16:17:04 - [MESSAGE][NOT_RUN] - NOT_RUN: scrollToPosition(0, 9)

2020-02-26 16:17:04 - [TEST_STEP][NOT_RUN] - delay(10): NOT_RUN: delay(10)

2020-02-26 16:17:04 - [MESSAGE][NOT_RUN] - NOT_RUN: delay(10)

2020-02-26 16:17:04 - [TEST_STEP][NOT_RUN] - scrollToPosition(0, 99): NOT_RUN: scrollToPosition(0, 99)

2020-02-26 16:17:04 - [MESSAGE][NOT_RUN] - NOT_RUN: scrollToPosition(0, 99)

2020-02-26 16:17:04 - [TEST_STEP][NOT_RUN] - delay(10): NOT_RUN: delay(10)

2020-02-26 16:17:04 - [MESSAGE][NOT_RUN] - NOT_RUN: delay(10)

2020-02-26 16:17:04 - [TEST_STEP][NOT_RUN] - scrollToPosition(0, 999): NOT_RUN: scrollToPosition(0, 999)

2020-02-26 16:17:04 - [MESSAGE][NOT_RUN] - NOT_RUN: scrollToPosition(0, 999)

2020-02-26 16:17:04 - [TEST_STEP][NOT_RUN] - delay(10): NOT_RUN: delay(10)

2020-02-26 16:17:04 - [MESSAGE][NOT_RUN] - NOT_RUN: delay(10)

2020-02-26 16:17:04 - [TEST_STEP][NOT_RUN] - scrollToPosition(0, 9999): NOT_RUN: scrollToPosition(0, 9999)

2020-02-26 16:17:04 - [MESSAGE][NOT_RUN] - NOT_RUN: scrollToPosition(0, 9999)

2020-02-26 16:17:04 - [TEST_STEP][NOT_RUN] - sendKeys(findTestObject(null), Keys.chord(HOME)): NOT_RUN: sendKeys(findTestObject(null), Keys.chord(HOME))

2020-02-26 16:17:04 - [MESSAGE][NOT_RUN] - NOT_RUN: sendKeys(findTestObject(null), Keys.chord(HOME))

2020-02-26 16:17:04 - [TEST_STEP][NOT_RUN] - delay(5): NOT_RUN: delay(5)

2020-02-26 16:17:04 - [MESSAGE][NOT_RUN] - NOT_RUN: delay(5)

2020-02-26 16:17:04 - [TEST_STEP][NOT_RUN] - setText(findTestObject("Maintenance/Search Mutualan"), "mutualan rt"): NOT_RUN: setText(findTestObject("Maintenance/Search Mutualan"), "mutualan rt")

2020-02-26 16:17:04 - [MESSAGE][NOT_RUN] - NOT_RUN: setText(findTestObject("Maintenance/Search Mutualan"), "mutualan rt")

2020-02-26 16:17:04 - [TEST_STEP][NOT_RUN] - delay(5): NOT_RUN: delay(5)

2020-02-26 16:17:04 - [MESSAGE][NOT_RUN] - NOT_RUN: delay(5)

2020-02-26 16:17:04 - [TEST_STEP][NOT_RUN] - click(findTestObject("Maintenance/Klik Span Mutualan RT"), STOP_ON_FAILURE): NOT_RUN: click(findTestObject("Maintenance/Klik Span Mutualan RT"), STOP_ON_FAILURE)

2020-02-26 16:17:04 - [MESSAGE][NOT_RUN] - NOT_RUN: click(findTestObject("Maintenance/Klik Span Mutualan RT"), STOP_ON_FAILURE)

2020-02-26 16:17:04 - [TEST_STEP][NOT_RUN] - delay(20): NOT_RUN: delay(20)

2020-02-26 16:17:04 - [MESSAGE][NOT_RUN] - NOT_RUN: delay(20)

2020-02-26 16:17:04 - [TEST_STEP][NOT_RUN] - click(findTestObject("Maintenance/Klik Tweet Pertama Mutualan")): NOT_RUN: click(findTestObject("Maintenance/Klik Tweet Pertama Mutualan"))

2020-02-26 16:17:04 - [MESSAGE][NOT_RUN] - NOT_RUN: click(findTestObject("Maintenance/Klik Tweet Pertama Mutualan"))

2020-02-26 16:17:04 - [TEST_STEP][NOT_RUN] - delay(10): NOT_RUN: delay(10)

2020-02-26 16:17:04 - [MESSAGE][NOT_RUN] - NOT_RUN: delay(10)

2020-02-26 16:17:04 - [TEST_STEP][NOT_RUN] - click(findTestObject("Maintenance/Klik Retweet")): NOT_RUN: click(findTestObject("Maintenance/Klik Retweet"))

2020-02-26 16:17:04 - [MESSAGE][NOT_RUN] - NOT_RUN: click(findTestObject("Maintenance/Klik Retweet"))

2020-02-26 16:17:04 - [TEST_STEP][NOT_RUN] - delay(10): NOT_RUN: delay(10)

2020-02-26 16:17:04 - [MESSAGE][NOT_RUN] - NOT_RUN: delay(10)

2020-02-26 16:17:04 - [TEST_STEP][NOT_RUN] - click(findTestObject("Maintenance/Follow 1")): NOT_RUN: click(findTestObject("Maintenance/Follow 1"))

2020-02-26 16:17:04 - [MESSAGE][NOT_RUN] - NOT_RUN: click(findTestObject("Maintenance/Follow 1"))

2020-02-26 16:17:04 - [TEST_STEP][NOT_RUN] - delay(10): NOT_RUN: delay(10)

2020-02-26 16:17:04 - [MESSAGE][NOT_RUN] - NOT_RUN: delay(10)

2020-02-26 16:17:04 - [TEST_STEP][NOT_RUN] - click(findTestObject("Maintenance/Follow 2")): NOT_RUN: click(findTestObject("Maintenance/Follow 2"))

2020-02-26 16:17:04 - [MESSAGE][NOT_RUN] - NOT_RUN: click(findTestObject("Maintenance/Follow 2"))

2020-02-26 16:17:04 - [TEST_STEP][NOT_RUN] - delay(20): NOT_RUN: delay(20)

2020-02-26 16:17:04 - [MESSAGE][NOT_RUN] - NOT_RUN: delay(20)

2020-02-26 16:17:04 - [TEST_STEP][NOT_RUN] - click(findTestObject("Maintenance/Follow 3")): NOT_RUN: click(findTestObject("Maintenance/Follow 3"))

2020-02-26 16:17:04 - [MESSAGE][NOT_RUN] - NOT_RUN: click(findTestObject("Maintenance/Follow 3"))

2020-02-26 16:17:04 - [TEST_STEP][NOT_RUN] - delay(15): NOT_RUN: delay(15)

2020-02-26 16:17:04 - [MESSAGE][NOT_RUN] - NOT_RUN: delay(15)

2020-02-26 16:17:04 - [TEST_STEP][NOT_RUN] - click(findTestObject("Maintenance/Follow 4")): NOT_RUN: click(findTestObject("Maintenance/Follow 4"))

2020-02-26 16:17:04 - [MESSAGE][NOT_RUN] - NOT_RUN: click(findTestObject("Maintenance/Follow 4"))

2020-02-26 16:17:04 - [TEST_STEP][NOT_RUN] - delay(10): NOT_RUN: delay(10)

2020-02-26 16:17:04 - [MESSAGE][NOT_RUN] - NOT_RUN: delay(10)

2020-02-26 16:17:04 - [TEST_STEP][NOT_RUN] - click(findTestObject("Maintenance/Follow 5")): NOT_RUN: click(findTestObject("Maintenance/Follow 5"))

2020-02-26 16:17:04 - [MESSAGE][NOT_RUN] - NOT_RUN: click(findTestObject("Maintenance/Follow 5"))

2020-02-26 16:17:04 - [TEST_STEP][NOT_RUN] - delay(15): NOT_RUN: delay(15)

2020-02-26 16:17:04 - [MESSAGE][NOT_RUN] - NOT_RUN: delay(15)

2020-02-26 16:17:04 - [TEST_STEP][NOT_RUN] - click(findTestObject("Maintenance/Button Close")): NOT_RUN: click(findTestObject("Maintenance/Button Close"))

2020-02-26 16:17:04 - [MESSAGE][NOT_RUN] - NOT_RUN: click(findTestObject("Maintenance/Button Close"))

2020-02-26 16:17:04 - [TEST_STEP][NOT_RUN] - delay(5): NOT_RUN: delay(5)

2020-02-26 16:17:04 - [MESSAGE][NOT_RUN] - NOT_RUN: delay(5)

2020-02-26 16:17:04 - [TEST_STEP][NOT_RUN] - click(findTestObject("Maintenance/Button Home")): NOT_RUN: click(findTestObject("Maintenance/Button Home"))

2020-02-26 16:17:04 - [MESSAGE][NOT_RUN] - NOT_RUN: click(findTestObject("Maintenance/Button Home"))

2020-02-26 16:17:04 - [TEST_STEP][NOT_RUN] - delay(10): NOT_RUN: delay(10)

2020-02-26 16:17:04 - [MESSAGE][NOT_RUN] - NOT_RUN: delay(10)

2020-02-26 16:17:04 - [TEST_STEP][NOT_RUN] - click(findTestObject("Maintenance/Button Explore")): NOT_RUN: click(findTestObject("Maintenance/Button Explore"))

2020-02-26 16:17:04 - [MESSAGE][NOT_RUN] - NOT_RUN: click(findTestObject("Maintenance/Button Explore"))

2020-02-26 16:17:04 - [TEST_STEP][NOT_RUN] - click(findTestObject("Maintenance/Show More Hastag")): NOT_RUN: click(findTestObject("Maintenance/Show More Hastag"))

2020-02-26 16:17:04 - [MESSAGE][NOT_RUN] - NOT_RUN: click(findTestObject("Maintenance/Show More Hastag"))

2020-02-26 16:17:04 - [TEST_STEP][NOT_RUN] - delay(10): NOT_RUN: delay(10)

2020-02-26 16:17:04 - [MESSAGE][NOT_RUN] - NOT_RUN: delay(10)

2020-02-26 16:17:04 - [TEST_STEP][NOT_RUN] - scrollToPosition(0, 9): NOT_RUN: scrollToPosition(0, 9)

2020-02-26 16:17:04 - [MESSAGE][NOT_RUN] - NOT_RUN: scrollToPosition(0, 9)

2020-02-26 16:17:04 - [TEST_STEP][NOT_RUN] - delay(10): NOT_RUN: delay(10)

2020-02-26 16:17:04 - [MESSAGE][NOT_RUN] - NOT_RUN: delay(10)

2020-02-26 16:17:04 - [TEST_STEP][NOT_RUN] - scrollToPosition(0, 99): NOT_RUN: scrollToPosition(0, 99)

2020-02-26 16:17:04 - [MESSAGE][NOT_RUN] - NOT_RUN: scrollToPosition(0, 99)

2020-02-26 16:17:04 - [TEST_STEP][NOT_RUN] - delay(10): NOT_RUN: delay(10)

2020-02-26 16:17:04 - [MESSAGE][NOT_RUN] - NOT_RUN: delay(10)

2020-02-26 16:17:04 - [TEST_STEP][NOT_RUN] - scrollToPosition(0, 999): NOT_RUN: scrollToPosition(0, 999)

2020-02-26 16:17:04 - [MESSAGE][NOT_RUN] - NOT_RUN: scrollToPosition(0, 999)

2020-02-26 16:17:04 - [TEST_STEP][NOT_RUN] - delay(10): NOT_RUN: delay(10)

2020-02-26 16:17:04 - [MESSAGE][NOT_RUN] - NOT_RUN: delay(10)

2020-02-26 16:17:04 - [TEST_STEP][NOT_RUN] - scrollToPosition(0, 9999): NOT_RUN: scrollToPosition(0, 9999)

2020-02-26 16:17:04 - [MESSAGE][NOT_RUN] - NOT_RUN: scrollToPosition(0, 9999)

2020-02-26 16:17:04 - [TEST_STEP][NOT_RUN] - sendKeys(findTestObject(null), Keys.chord(HOME)): NOT_RUN: sendKeys(findTestObject(null), Keys.chord(HOME))

2020-02-26 16:17:04 - [MESSAGE][NOT_RUN] - NOT_RUN: sendKeys(findTestObject(null), Keys.chord(HOME))

2020-02-26 16:17:04 - [TEST_STEP][NOT_RUN] - delay(5): NOT_RUN: delay(5)

2020-02-26 16:17:04 - [MESSAGE][NOT_RUN] - NOT_RUN: delay(5)

2020-02-26 16:17:04 - [TEST_STEP][NOT_RUN] - click(findTestObject("Maintenance/Button Notifikasi")): NOT_RUN: click(findTestObject("Maintenance/Button Notifikasi"))

2020-02-26 16:17:04 - [MESSAGE][NOT_RUN] - NOT_RUN: click(findTestObject("Maintenance/Button Notifikasi"))

2020-02-26 16:17:04 - [TEST_STEP][NOT_RUN] - delay(10): NOT_RUN: delay(10)

2020-02-26 16:17:04 - [MESSAGE][NOT_RUN] - NOT_RUN: delay(10)

2020-02-26 16:17:04 - [TEST_STEP][NOT_RUN] - click(findTestObject("Maintenance/Notification Mention")): NOT_RUN: click(findTestObject("Maintenance/Notification Mention"))

2020-02-26 16:17:04 - [MESSAGE][NOT_RUN] - NOT_RUN: click(findTestObject("Maintenance/Notification Mention"))

2020-02-26 16:17:04 - [TEST_STEP][NOT_RUN] - delay(10): NOT_RUN: delay(10)

2020-02-26 16:17:04 - [MESSAGE][NOT_RUN] - NOT_RUN: delay(10)

2020-02-26 16:17:04 - [TEST_STEP][NOT_RUN] - click(findTestObject("Maintenance/Button Message")): NOT_RUN: click(findTestObject("Maintenance/Button Message"))

2020-02-26 16:17:04 - [MESSAGE][NOT_RUN] - NOT_RUN: click(findTestObject("Maintenance/Button Message"))

2020-02-26 16:17:04 - [TEST_STEP][NOT_RUN] - delay(10): NOT_RUN: delay(10)

2020-02-26 16:17:04 - [MESSAGE][NOT_RUN] - NOT_RUN: delay(10)

2020-02-26 16:17:04 - [TEST_STEP][NOT_RUN] - click(findTestObject("Maintenance/Button List")): NOT_RUN: click(findTestObject("Maintenance/Button List"))

2020-02-26 16:17:04 - [MESSAGE][NOT_RUN] - NOT_RUN: click(findTestObject("Maintenance/Button List"))

2020-02-26 16:17:04 - [TEST_STEP][NOT_RUN] - delay(10): NOT_RUN: delay(10)

2020-02-26 16:17:04 - [MESSAGE][NOT_RUN] - NOT_RUN: delay(10)

2020-02-26 16:17:04 - [TEST_STEP][NOT_RUN] - click(findTestObject("Maintenance/List Subscribed")): NOT_RUN: click(findTestObject("Maintenance/List Subscribed"))

2020-02-26 16:17:04 - [MESSAGE][NOT_RUN] - NOT_RUN: click(findTestObject("Maintenance/List Subscribed"))

2020-02-26 16:17:04 - [TEST_STEP][NOT_RUN] - delay(10): NOT_RUN: delay(10)

2020-02-26 16:17:04 - [MESSAGE][NOT_RUN] - NOT_RUN: delay(10)

2020-02-26 16:17:04 - [TEST_STEP][NOT_RUN] - click(findTestObject("Maintenance/List Member")): NOT_RUN: click(findTestObject("Maintenance/List Member"))

2020-02-26 16:17:04 - [MESSAGE][NOT_RUN] - NOT_RUN: click(findTestObject("Maintenance/List Member"))

2020-02-26 16:17:04 - [TEST_STEP][NOT_RUN] - delay(10): NOT_RUN: delay(10)

2020-02-26 16:17:04 - [MESSAGE][NOT_RUN] - NOT_RUN: delay(10)

2020-02-26 16:17:04 - [TEST_STEP][NOT_RUN] - click(findTestObject("Maintenance/Button Profile")): NOT_RUN: click(findTestObject("Maintenance/Button Profile"))

2020-02-26 16:17:04 - [MESSAGE][NOT_RUN] - NOT_RUN: click(findTestObject("Maintenance/Button Profile"))

2020-02-26 16:17:04 - [TEST_STEP][NOT_RUN] - delay(10): NOT_RUN: delay(10)

2020-02-26 16:17:04 - [MESSAGE][NOT_RUN] - NOT_RUN: delay(10)

2020-02-26 16:17:04 - [TEST_STEP][NOT_RUN] - click(findTestObject("Maintenance/Tweet and Replies")): NOT_RUN: click(findTestObject("Maintenance/Tweet and Replies"))

2020-02-26 16:17:04 - [MESSAGE][NOT_RUN] - NOT_RUN: click(findTestObject("Maintenance/Tweet and Replies"))

2020-02-26 16:17:04 - [TEST_STEP][NOT_RUN] - delay(10): NOT_RUN: delay(10)

2020-02-26 16:17:04 - [MESSAGE][NOT_RUN] - NOT_RUN: delay(10)

2020-02-26 16:17:04 - [TEST_STEP][NOT_RUN] - click(findTestObject("Maintenance/Profile - Media")): NOT_RUN: click(findTestObject("Maintenance/Profile - Media"))

2020-02-26 16:17:04 - [MESSAGE][NOT_RUN] - NOT_RUN: click(findTestObject("Maintenance/Profile - Media"))

2020-02-26 16:17:04 - [TEST_STEP][NOT_RUN] - delay(10): NOT_RUN: delay(10)

2020-02-26 16:17:04 - [MESSAGE][NOT_RUN] - NOT_RUN: delay(10)

2020-02-26 16:17:04 - [TEST_STEP][NOT_RUN] - click(findTestObject("Maintenance/Profile - Likes")): NOT_RUN: click(findTestObject("Maintenance/Profile - Likes"))

2020-02-26 16:17:04 - [MESSAGE][NOT_RUN] - NOT_RUN: click(findTestObject("Maintenance/Profile - Likes"))

2020-02-26 16:17:04 - [TEST_STEP][NOT_RUN] - delay(10): NOT_RUN: delay(10)

2020-02-26 16:17:04 - [MESSAGE][NOT_RUN] - NOT_RUN: delay(10)

2020-02-26 16:17:04 - [TEST_STEP][NOT_RUN] - click(findTestObject("Maintenance/Button Home")): NOT_RUN: click(findTestObject("Maintenance/Button Home"))

2020-02-26 16:17:04 - [MESSAGE][NOT_RUN] - NOT_RUN: click(findTestObject("Maintenance/Button Home"))

2020-02-26 16:17:04 - [TEST_STEP][NOT_RUN] - delay(10): NOT_RUN: delay(10)

2020-02-26 16:17:04 - [MESSAGE][NOT_RUN] - NOT_RUN: delay(10)

2020-02-26 16:17:04 - [TEST_STEP][NOT_RUN] - click(findTestObject("Maintenance/Logout/div_Selengkapnya")): NOT_RUN: click(findTestObject("Maintenance/Logout/div_Selengkapnya"))

2020-02-26 16:17:04 - [MESSAGE][NOT_RUN] - NOT_RUN: click(findTestObject("Maintenance/Logout/div_Selengkapnya"))

2020-02-26 16:17:04 - [TEST_STEP][NOT_RUN] - click(findTestObject("Maintenance/Setting and Privacy")): NOT_RUN: click(findTestObject("Maintenance/Setting and Privacy"))

2020-02-26 16:17:04 - [MESSAGE][NOT_RUN] - NOT_RUN: click(findTestObject("Maintenance/Setting and Privacy"))

2020-02-26 16:17:04 - [TEST_STEP][NOT_RUN] - delay(10): NOT_RUN: delay(10)

2020-02-26 16:17:04 - [MESSAGE][NOT_RUN] - NOT_RUN: delay(10)

2020-02-26 16:17:04 - [TEST_STEP][NOT_RUN] - click(findTestObject("Maintenance/Setting - Privacy and safety")): NOT_RUN: click(findTestObject("Maintenance/Setting - Privacy and safety"))

2020-02-26 16:17:04 - [MESSAGE][NOT_RUN] - NOT_RUN: click(findTestObject("Maintenance/Setting - Privacy and safety"))

2020-02-26 16:17:04 - [TEST_STEP][NOT_RUN] - delay(10): NOT_RUN: delay(10)

2020-02-26 16:17:04 - [MESSAGE][NOT_RUN] - NOT_RUN: delay(10)

2020-02-26 16:17:04 - [TEST_STEP][NOT_RUN] - click(findTestObject("Maintenance/Setting - Notification")): NOT_RUN: click(findTestObject("Maintenance/Setting - Notification"))

2020-02-26 16:17:04 - [MESSAGE][NOT_RUN] - NOT_RUN: click(findTestObject("Maintenance/Setting - Notification"))

2020-02-26 16:17:04 - [TEST_STEP][NOT_RUN] - delay(10): NOT_RUN: delay(10)

2020-02-26 16:17:04 - [MESSAGE][NOT_RUN] - NOT_RUN: delay(10)

2020-02-26 16:17:04 - [TEST_STEP][NOT_RUN] - click(findTestObject("Maintenance/Setting - Content preferences")): NOT_RUN: click(findTestObject("Maintenance/Setting - Content preferences"))

2020-02-26 16:17:04 - [MESSAGE][NOT_RUN] - NOT_RUN: click(findTestObject("Maintenance/Setting - Content preferences"))

2020-02-26 16:17:04 - [TEST_STEP][NOT_RUN] - delay(10): NOT_RUN: delay(10)

2020-02-26 16:17:04 - [MESSAGE][NOT_RUN] - NOT_RUN: delay(10)

2020-02-26 16:17:04 - [TEST_STEP][NOT_RUN] - click(findTestObject("Maintenance/Setting - Display")): NOT_RUN: click(findTestObject("Maintenance/Setting - Display"))

2020-02-26 16:17:04 - [MESSAGE][NOT_RUN] - NOT_RUN: click(findTestObject("Maintenance/Setting - Display"))

2020-02-26 16:17:04 - [TEST_STEP][NOT_RUN] - delay(10): NOT_RUN: delay(10)

2020-02-26 16:17:04 - [MESSAGE][NOT_RUN] - NOT_RUN: delay(10)

2020-02-26 16:17:04 - [TEST_STEP][NOT_RUN] - click(findTestObject("Maintenance/Setting - Data Usage")): NOT_RUN: click(findTestObject("Maintenance/Setting - Data Usage"))

2020-02-26 16:17:04 - [MESSAGE][NOT_RUN] - NOT_RUN: click(findTestObject("Maintenance/Setting - Data Usage"))

2020-02-26 16:17:04 - [TEST_STEP][NOT_RUN] - delay(10): NOT_RUN: delay(10)

2020-02-26 16:17:04 - [MESSAGE][NOT_RUN] - NOT_RUN: delay(10)

2020-02-26 16:17:04 - [TEST_STEP][NOT_RUN] - click(findTestObject("Maintenance/Setting - Accessibility")): NOT_RUN: click(findTestObject("Maintenance/Setting - Accessibility"))

2020-02-26 16:17:04 - [MESSAGE][NOT_RUN] - NOT_RUN: click(findTestObject("Maintenance/Setting - Accessibility"))

2020-02-26 16:17:04 - [TEST_STEP][NOT_RUN] - delay(10): NOT_RUN: delay(10)

2020-02-26 16:17:04 - [MESSAGE][NOT_RUN] - NOT_RUN: delay(10)

2020-02-26 16:17:04 - [TEST_STEP][NOT_RUN] - click(findTestObject("Maintenance/Setting - About Twitter")): NOT_RUN: click(findTestObject("Maintenance/Setting - About Twitter"))

2020-02-26 16:17:04 - [MESSAGE][NOT_RUN] - NOT_RUN: click(findTestObject("Maintenance/Setting - About Twitter"))

2020-02-26 16:17:04 - [TEST_STEP][NOT_RUN] - delay(10): NOT_RUN: delay(10)

2020-02-26 16:17:04 - [MESSAGE][NOT_RUN] - NOT_RUN: delay(10)

2020-02-26 16:17:04 - [TEST_STEP][NOT_RUN] - click(findTestObject("Maintenance/Button Home")): NOT_RUN: click(findTestObject("Maintenance/Button Home"))

2020-02-26 16:17:04 - [MESSAGE][NOT_RUN] - NOT_RUN: click(findTestObject("Maintenance/Button Home"))

2020-02-26 16:17:04 - [TEST_STEP][NOT_RUN] - delay(15): NOT_RUN: delay(15)

2020-02-26 16:17:04 - [MESSAGE][NOT_RUN] - NOT_RUN: delay(15)

2020-02-26 16:17:04 - [TEST_STEP][PASSED] - click(findTestObject("Maintenance/Logout/div_Selengkapnya")): Object: 'Object Repository/Maintenance/Logout/div_Selengkapnya' is clicked on

2020-02-26 16:17:05 - [MESSAGE][PASSED] - Object: 'Object Repository/Maintenance/Logout/div_Selengkapnya' is clicked on

2020-02-26 16:17:05 - [TEST_STEP][PASSED] - delay(5): Delayed 5 second(s)

2020-02-26 16:17:10 - [MESSAGE][PASSED] - Delayed 5 second(s)

2020-02-26 16:17:10 - [TEST_STEP][PASSED] - click(findTestObject("Maintenance/Keluar/div_Keluar")): Object: 'Object Repository/Maintenance/Keluar/div_Keluar' is clicked on

2020-02-26 16:17:11 - [MESSAGE][PASSED] - Object: 'Object Repository/Maintenance/Keluar/div_Keluar' is clicked on

2020-02-26 16:17:11 - [TEST_STEP][PASSED] - closeBrowser(): Browser is closed

2020-02-26 16:17:12 - [MESSAGE][PASSED] - Browser is closed]]></system-out>
         <system-err><![CDATA[]]></system-err>
      </testcase>
      <system-out><![CDATA[2020-02-26 16:15:58 - [TEST_SUITE][PASSED] - TestDataExcel: Test Cases/Account Maintenance]]></system-out>
      <system-err><![CDATA[]]></system-err>
   </testsuite>
</testsuites>
